
Gurobi 10.0.3 (linux64) logging started Thu Nov 30 21:26:40 2023

Set parameter LogFile to value "gurobi.log"
Gurobi Optimizer version 10.0.3 build v10.0.3rc0 (linux64)

CPU model: Intel(R) Core(TM) i5-4590 CPU @ 3.30GHz, instruction set [SSE2|AVX|AVX2]
Thread count: 4 physical cores, 4 logical processors, using up to 4 threads

Optimize a model with 40402 rows, 1050602 columns and 150200 nonzeros
Model fingerprint: 0x8f7af242
Variable types: 1040502 continuous, 10100 integer (10100 binary)
Coefficient statistics:
  Matrix range     [1e+00, 2e+02]
  Objective range  [1e+00, 9e+01]
  Bounds range     [1e+00, 2e+02]
  RHS range        [1e+00, 4e+01]
Presolve removed 200 rows and 1020602 columns
Presolve time: 0.99s
Presolved: 40202 rows, 30000 columns, 149488 nonzeros
Variable types: 19900 continuous, 10100 integer (10100 binary)
Deterministic concurrent LP optimizer: primal and dual simplex
Showing first log only...


Root simplex log...

Iteration    Objective       Primal Inf.    Dual Inf.      Time
   48486    1.3099941e+03   0.000000e+00   2.479670e+06      5s
   67477    1.2230017e+03   0.000000e+00   2.780805e+02     10s
   68018    1.2253901e+03   0.000000e+00   0.000000e+00     10s
Concurrent spin time: 0.45s

Solved with primal simplex
   68018    1.2253901e+03   0.000000e+00   0.000000e+00     11s

Root relaxation: objective 1.225390e+03, 68018 iterations, 9.42 seconds (7.29 work units)

    Nodes    |    Current Node    |     Objective Bounds      |     Work
 Expl Unexpl |  Obj  Depth IntInf | Incumbent    BestBd   Gap | It/Node Time

     0     0 1225.39013    0  256          - 1225.39013      -     -   11s
     0     0 1225.40626    0  258          - 1225.40626      -     -   12s
     0     0 1225.43095    0  259          - 1225.43095      -     -   12s
     0     0 1225.44045    0  260          - 1225.44045      -     -   12s
     0     0 1311.92666    0  264          - 1311.92666      -     -   26s
     0     0 1314.15204    0  259          - 1314.15204      -     -   27s
     0     0 1314.31483    0  262          - 1314.31483      -     -   27s
     0     0 1334.28480    0  273          - 1334.28480      -     -   30s
     0     0 1334.30527    0  272          - 1334.30527      -     -   31s
     0     0 1334.35057    0  272          - 1334.35057      -     -   31s
     0     0 1334.36924    0  272          - 1334.36924      -     -   31s
     0     0 1334.37135    0  272          - 1334.37135      -     -   31s
     0     0 1334.37669    0  272          - 1334.37669      -     -   31s
     0     0 1334.39803    0  273          - 1334.39803      -     -   31s
     0     0 1334.40470    0  272          - 1334.40470      -     -   31s
     0     0 1334.41879    0  273          - 1334.41879      -     -   31s
     0     0 1334.44643    0  269          - 1334.44643      -     -   31s
     0     0 1334.45537    0  271          - 1334.45537      -     -   31s
     0     0 1334.46905    0  274          - 1334.46905      -     -   31s
     0     0 1334.47036    0  273          - 1334.47036      -     -   31s
     0     0 1334.47036    0  273          - 1334.47036      -     -   32s
     0     0 1381.35452    0  263          - 1381.35452      -     -   38s
     0     0 1381.37734    0  262          - 1381.37734      -     -   38s
     0     0 1381.42189    0  262          - 1381.42189      -     -   38s
     0     0 1381.42267    0  261          - 1381.42267      -     -   38s
     0     0 1402.31896    0  272          - 1402.31896      -     -   43s
     0     0 1402.46991    0  281          - 1402.46991      -     -   44s
     0     0 1402.47664    0  283          - 1402.47664      -     -   44s
     0     0 1448.38566    0  264          - 1448.38566      -     -   53s
     0     0 1448.58599    0  267          - 1448.58599      -     -   53s
     0     0 1456.45099    0  275          - 1456.45099      -     -   58s
     0     0 1458.48063    0  274          - 1458.48063      -     -   59s
     0     0 1458.55240    0  280          - 1458.55240      -     -   59s
     0     0 1458.55700    0  282          - 1458.55700      -     -   59s
     0     0 1489.82161    0  254          - 1489.82161      -     -   63s
     0     0 1489.82161    0  216          - 1489.82161      -     -   69s
     0     0 1489.82161    0  220          - 1489.82161      -     -   69s
     0     0 1499.44990    0  241          - 1499.44990      -     -   73s
     0     0 1499.50961    0  240          - 1499.50961      -     -   73s
     0     0 1500.31346    0  235          - 1500.31346      -     -   74s
     0     0 1500.32038    0  235          - 1500.32038      -     -   75s
     0     0 1508.03366    0  226          - 1508.03366      -     -   77s
     0     0 1508.03562    0  226          - 1508.03562      -     -   77s
     0     0 1508.40633    0  235          - 1508.40633      -     -   77s
     0     0 1508.41691    0  235          - 1508.41691      -     -   77s
     0     0 1508.49469    0  244          - 1508.49469      -     -   77s
     0     0 1508.49582    0  244          - 1508.49582      -     -   77s
     0     0 1508.49761    0  249          - 1508.49761      -     -   78s
     0     0 1508.50029    0  249          - 1508.50029      -     -   78s
     0     0 1532.30978    0  229          - 1532.30978      -     -   81s
     0     0 1532.38835    0  229          - 1532.38835      -     -   81s
     0     0 1532.40417    0  233          - 1532.40417      -     -   82s
     0     0 1532.40724    0  235          - 1532.40724      -     -   82s
     0     0 1536.55980    0  239          - 1536.55980      -     -   83s
     0     0 1536.56157    0  236          - 1536.56157      -     -   83s
     0     0 1538.33955    0  245          - 1538.33955      -     -   84s
     0     0 1538.35354    0  243          - 1538.35354      -     -   84s
     0     0 1538.35639    0  243          - 1538.35639      -     -   84s
     0     0 1538.55907    0  253          - 1538.55907      -     -   84s
     0     0 1538.56114    0  252          - 1538.56114      -     -   85s
     0     0 1538.62389    0  249          - 1538.62389      -     -   85s
     0     0 1538.62515    0  251          - 1538.62515      -     -   85s
     0     0 1538.62590    0  252          - 1538.62590      -     -   85s
     0     0 1538.62661    0  250          - 1538.62661      -     -   85s
     0     0 1550.00385    0  248          - 1550.00385      -     -   89s
     0     0 1550.06037    0  253          - 1550.06037      -     -   89s
     0     0 1550.14166    0  250          - 1550.14166      -     -   90s
     0     0 1550.15088    0  250          - 1550.15088      -     -   90s
     0     0 1551.41642    0  233          - 1551.41642      -     -   92s
     0     0 1553.06361    0  244          - 1553.06361      -     -   92s
     0     0 1556.98798    0  240          - 1556.98798      -     -   94s
     0     0 1557.03451    0  238          - 1557.03451      -     -   94s
H    0     0                    1849.6026868 1557.03451  15.8%     -   94s
H    0     0                    1818.8173815 1557.03451  14.4%     -   94s
H    0     0                    1783.7898139 1557.03451  12.7%     -   94s
H    0     0                    1737.0861424 1557.03451  10.4%     -   94s
H    0     0                    1724.7184144 1557.03451  9.72%     -   94s
     0     0 1557.33683    0  248 1724.71841 1557.33683  9.70%     -   94s
     0     0 1557.43950    0  244 1724.71841 1557.43950  9.70%     -   95s
     0     0 1557.45437    0  245 1724.71841 1557.45437  9.70%     -   95s
     0     0 1570.18383    0  216 1724.71841 1570.18383  8.96%     -   97s
H    0     0                    1722.2591585 1570.18383  8.83%     -   98s
     0     0 1571.74986    0  222 1722.25916 1571.74986  8.74%     -   98s
H    0     0                    1721.6140826 1571.74986  8.70%     -   98s
H    0     0                    1706.7494780 1571.74986  7.91%     -   99s
     0     0 1573.26447    0  221 1706.74948 1573.26447  7.82%     -   99s
H    0     0                    1705.6445575 1573.26447  7.76%     -   99s
     0     0 1573.93999    0  233 1705.64456 1573.93999  7.72%     -   99s
H    0     0                    1703.0116601 1573.93999  7.58%     -   99s
     0     0 1574.01127    0  234 1703.01166 1574.01127  7.57%     -   99s
     0     0 1574.05657    0  239 1703.01166 1574.05657  7.57%     -   99s
     0     0 1574.06147    0  237 1703.01166 1574.06147  7.57%     -  100s
     0     0 1581.90258    0  239 1703.01166 1581.90258  7.11%     -  101s
H    0     0                    1700.8959494 1581.90258  7.00%     -  101s
     0     0 1582.44632    0  233 1700.89595 1582.44632  6.96%     -  101s
H    0     0                    1696.0788039 1582.44632  6.70%     -  102s
H    0     0                    1649.6793601 1582.44632  4.08%     -  102s
     0     0 1583.30227    0  244 1649.67936 1583.30227  4.02%     -  102s
     0     0 1583.37670    0  243 1649.67936 1583.37670  4.02%     -  102s
     0     0 1583.40296    0  244 1649.67936 1583.40296  4.02%     -  102s
     0     0 1583.40416    0  244 1649.67936 1583.40416  4.02%     -  103s
     0     0 1587.01190    0  250 1649.67936 1587.01190  3.80%     -  104s
     0     0 1589.88769    0  265 1649.67936 1589.88769  3.62%     -  105s
     0     0 1590.95451    0  270 1649.67936 1590.95451  3.56%     -  105s
     0     0 1590.95532    0  270 1649.67936 1590.95532  3.56%     -  105s
     0     0 1591.46915    0  274 1649.67936 1591.46915  3.53%     -  106s
     0     0 1591.47738    0  265 1649.67936 1591.47738  3.53%     -  106s
     0     0 1591.61011    0  272 1649.67936 1591.61011  3.52%     -  106s
     0     0 1591.68624    0  264 1649.67936 1591.68624  3.52%     -  106s
     0     0 1591.78002    0  271 1649.67936 1591.78002  3.51%     -  106s
     0     0 1593.52054    0  264 1649.67936 1593.52054  3.40%     -  106s
     0     0 1593.52324    0  263 1649.67936 1593.52324  3.40%     -  106s
     0     0 1593.75425    0  266 1649.67936 1593.75425  3.39%     -  106s
     0     0 1593.75428    0  263 1649.67936 1593.75428  3.39%     -  107s
     0     0 1593.79875    0  260 1649.67936 1593.79875  3.39%     -  107s
     0     0 1593.79997    0  265 1649.67936 1593.79997  3.39%     -  107s
     0     0 1599.20464    0  224 1649.67936 1599.20464  3.06%     -  107s
     0     0 1599.20464    0  135 1649.67936 1599.20464  3.06%     -  109s
H    0     0                    1644.6513231 1599.20464  2.76%     -  110s
     0     0 1603.35759    0  179 1644.65132 1603.35759  2.51%     -  110s
     0     0 1603.46648    0  179 1644.65132 1603.46648  2.50%     -  110s
     0     0 1603.47530    0  183 1644.65132 1603.47530  2.50%     -  110s
     0     0 1603.55891    0  175 1644.65132 1603.55891  2.50%     -  110s
     0     0 1603.57580    0  172 1644.65132 1603.57580  2.50%     -  110s
     0     0 1603.69237    0  172 1644.65132 1603.69237  2.49%     -  110s
     0     0 1603.70573    0  173 1644.65132 1603.70573  2.49%     -  110s
     0     0 1603.70836    0  175 1644.65132 1603.70836  2.49%     -  111s
     0     0 1603.71334    0  166 1644.65132 1603.71334  2.49%     -  111s
H    0     0                    1642.8768747 1603.71334  2.38%     -  111s
     0     0 1609.99351    0  148 1642.87687 1609.99351  2.00%     -  111s
     0     0 1610.02046    0  141 1642.87687 1610.02046  2.00%     -  111s
     0     0 1610.02296    0  143 1642.87687 1610.02296  2.00%     -  111s
     0     0 1610.02350    0  141 1642.87687 1610.02350  2.00%     -  111s
     0     0 1610.02705    0  138 1642.87687 1610.02705  2.00%     -  111s
     0     0 1610.02720    0  138 1642.87687 1610.02720  2.00%     -  111s
     0     0 1610.02724    0  138 1642.87687 1610.02724  2.00%     -  112s
     0     0 1610.02726    0  138 1642.87687 1610.02726  2.00%     -  112s
     0     0 1610.02745    0  137 1642.87687 1610.02745  2.00%     -  112s
     0     0 1610.16851    0  154 1642.87687 1610.16851  1.99%     -  112s
     0     0 1610.16898    0  154 1642.87687 1610.16898  1.99%     -  112s
     0     0 1610.17008    0  155 1642.87687 1610.17008  1.99%     -  112s
     0     0 1610.17102    0  151 1642.87687 1610.17102  1.99%     -  112s
     0     0 1610.17137    0  152 1642.87687 1610.17137  1.99%     -  112s
     0     0 1610.17180    0  152 1642.87687 1610.17180  1.99%     -  112s
     0     0 1610.17187    0  153 1642.87687 1610.17187  1.99%     -  112s
     0     0 1610.17233    0  152 1642.87687 1610.17233  1.99%     -  112s
     0     0 1610.17243    0  136 1642.87687 1610.17243  1.99%     -  112s
     0     0 1610.18557    0  136 1642.87687 1610.18557  1.99%     -  112s
     0     0 1616.90932    0  124 1642.87687 1616.90932  1.58%     -  112s
     0     0 1616.90932    0  113 1642.87687 1616.90932  1.58%     -  113s
     0     0 1616.96051    0  110 1642.87687 1616.96051  1.58%     -  113s
     0     0 1617.02055    0  109 1642.87687 1617.02055  1.57%     -  113s
     0     0 1617.03550    0  108 1642.87687 1617.03550  1.57%     -  113s
     0     0 1617.06070    0  108 1642.87687 1617.06070  1.57%     -  113s
     0     0 1617.06646    0  108 1642.87687 1617.06646  1.57%     -  113s
     0     0 1617.06648    0  106 1642.87687 1617.06648  1.57%     -  113s
     0     0 1617.07008    0  107 1642.87687 1617.07008  1.57%     -  113s
     0     0 1617.09152    0  109 1642.87687 1617.09152  1.57%     -  113s
     0     0 1617.09389    0  109 1642.87687 1617.09389  1.57%     -  113s
     0     0 1617.09958    0  110 1642.87687 1617.09958  1.57%     -  113s
     0     0 1617.10163    0  109 1642.87687 1617.10163  1.57%     -  113s
     0     0 1617.99724    0  110 1642.87687 1617.99724  1.51%     -  114s
     0     0 1618.50914    0  106 1642.87687 1618.50914  1.48%     -  114s
     0     0 1618.53627    0  107 1642.87687 1618.53627  1.48%     -  114s
     0     0 1626.54045    0  114 1642.87687 1626.54045  0.99%     -  114s
     0     0 1626.54045    0   86 1642.87687 1626.54045  0.99%     -  114s
     0     0 1627.86144    0  113 1642.87687 1627.86144  0.91%     -  115s
     0     0 1627.86144    0  113 1642.87687 1627.86144  0.91%     -  115s
     0     0 1628.28502    0  107 1642.87687 1628.28502  0.89%     -  115s
     0     0 1628.76576    0  114 1642.87687 1628.76576  0.86%     -  115s
     0     0 1634.72870    0  103 1642.87687 1634.72870  0.50%     -  115s
     0     0 1634.72870    0  103 1642.87687 1634.72870  0.50%     -  115s
     0     0 1634.76007    0  107 1642.87687 1634.76007  0.49%     -  115s
     0     0 1636.43217    0   98 1642.87687 1636.43217  0.39%     -  115s
     0     0 1636.43217    0   47 1642.87687 1636.43217  0.39%     -  115s
     0     0 1638.94101    0   45 1642.87687 1638.94101  0.24%     -  115s
     0     0 1638.94101    0   45 1642.87687 1638.94101  0.24%     -  115s
     0     0 1639.06539    0   41 1642.87687 1639.06539  0.23%     -  115s
     0     0 1639.56760    0   39 1642.87687 1639.56760  0.20%     -  115s
     0     0 1639.56760    0   39 1642.87687 1639.56760  0.20%     -  115s
     0     0 1641.30019    0   57 1642.87687 1641.30019  0.10%     -  115s
     0     0 1641.30019    0   14 1642.87687 1641.30019  0.10%     -  115s
     0     0     cutoff    0      1642.87687 1642.87687  0.00%     -  115s

Explored 1 nodes (215496 simplex iterations) in 115.65 seconds (68.24 work units)
Thread count was 4 (of 4 available processors)

Solution count 10: 1642.88 1644.65 1649.68 ... 1722.26

Optimal solution found (tolerance 1.00e-04)
Best objective 1.642876874710e+03, best bound 1.642876874710e+03, gap 0.0000%

Gurobi 10.0.3 (linux64) logging started Thu Nov 30 21:30:28 2023

Set parameter LogFile to value "gurobi.log"
Gurobi Optimizer version 10.0.3 build v10.0.3rc0 (linux64)

CPU model: Intel(R) Core(TM) i5-4590 CPU @ 3.30GHz, instruction set [SSE2|AVX|AVX2]
Thread count: 4 physical cores, 4 logical processors, using up to 4 threads

Optimize a model with 40402 rows, 1050602 columns and 150200 nonzeros
Model fingerprint: 0x8f7af242
Variable types: 1040502 continuous, 10100 integer (10100 binary)
Coefficient statistics:
  Matrix range     [1e+00, 2e+02]
  Objective range  [1e+00, 9e+01]
  Bounds range     [1e+00, 2e+02]
  RHS range        [1e+00, 4e+01]
Presolve removed 200 rows and 1020602 columns
Presolve time: 0.99s
Presolved: 40202 rows, 30000 columns, 149488 nonzeros
Variable types: 19900 continuous, 10100 integer (10100 binary)
Deterministic concurrent LP optimizer: primal and dual simplex
Showing first log only...


Root simplex log...

Iteration    Objective       Primal Inf.    Dual Inf.      Time
   48486    1.3099941e+03   0.000000e+00   2.479670e+06      5s
   66952    1.2230733e+03   0.000000e+00   5.212498e+04     10s
   68018    1.2253901e+03   0.000000e+00   0.000000e+00     10s
Concurrent spin time: 0.35s

Solved with primal simplex
   68018    1.2253901e+03   0.000000e+00   0.000000e+00     11s

Root relaxation: objective 1.225390e+03, 68018 iterations, 9.42 seconds (7.29 work units)

    Nodes    |    Current Node    |     Objective Bounds      |     Work
 Expl Unexpl |  Obj  Depth IntInf | Incumbent    BestBd   Gap | It/Node Time

     0     0 1225.39013    0  256          - 1225.39013      -     -   11s
     0     0 1225.40626    0  258          - 1225.40626      -     -   12s
     0     0 1225.43095    0  259          - 1225.43095      -     -   12s
     0     0 1225.44045    0  260          - 1225.44045      -     -   12s
     0     0 1311.92666    0  264          - 1311.92666      -     -   25s
     0     0 1314.15204    0  259          - 1314.15204      -     -   26s
     0     0 1314.31483    0  262          - 1314.31483      -     -   26s
     0     0 1334.28480    0  273          - 1334.28480      -     -   30s
     0     0 1334.30527    0  272          - 1334.30527      -     -   30s
     0     0 1334.35057    0  272          - 1334.35057      -     -   30s
     0     0 1334.36924    0  272          - 1334.36924      -     -   30s
     0     0 1334.37135    0  272          - 1334.37135      -     -   30s
     0     0 1334.37669    0  272          - 1334.37669      -     -   30s
     0     0 1334.39803    0  273          - 1334.39803      -     -   30s
     0     0 1334.40470    0  272          - 1334.40470      -     -   31s
     0     0 1334.41879    0  273          - 1334.41879      -     -   31s
     0     0 1334.44643    0  269          - 1334.44643      -     -   31s
     0     0 1334.45537    0  271          - 1334.45537      -     -   31s
     0     0 1334.46905    0  274          - 1334.46905      -     -   31s
     0     0 1334.47036    0  273          - 1334.47036      -     -   31s
     0     0 1334.47036    0  273          - 1334.47036      -     -   31s
     0     0 1381.35452    0  263          - 1381.35452      -     -   37s
     0     0 1381.37734    0  262          - 1381.37734      -     -   38s
     0     0 1381.42189    0  262          - 1381.42189      -     -   38s
     0     0 1381.42267    0  261          - 1381.42267      -     -   38s
     0     0 1402.31896    0  272          - 1402.31896      -     -   42s
     0     0 1402.46991    0  281          - 1402.46991      -     -   43s
     0     0 1402.47664    0  283          - 1402.47664      -     -   43s
     0     0 1448.38566    0  264          - 1448.38566      -     -   52s
     0     0 1448.58599    0  267          - 1448.58599      -     -   53s
     0     0 1456.45099    0  275          - 1456.45099      -     -   57s
     0     0 1458.48063    0  274          - 1458.48063      -     -   58s
     0     0 1458.55240    0  280          - 1458.55240      -     -   58s
     0     0 1458.55700    0  282          - 1458.55700      -     -   58s
     0     0 1489.82161    0  254          - 1489.82161      -     -   62s
     0     0 1489.82161    0  216          - 1489.82161      -     -   68s
     0     0 1489.82161    0  220          - 1489.82161      -     -   68s
     0     0 1499.44990    0  241          - 1499.44990      -     -   72s
     0     0 1499.50961    0  240          - 1499.50961      -     -   73s
     0     0 1500.31346    0  235          - 1500.31346      -     -   74s
     0     0 1500.32038    0  235          - 1500.32038      -     -   74s
     0     0 1508.03366    0  226          - 1508.03366      -     -   76s
     0     0 1508.03562    0  226          - 1508.03562      -     -   76s
     0     0 1508.40633    0  235          - 1508.40633      -     -   76s
     0     0 1508.41691    0  235          - 1508.41691      -     -   76s
     0     0 1508.49469    0  244          - 1508.49469      -     -   77s
     0     0 1508.49582    0  244          - 1508.49582      -     -   77s
     0     0 1508.49761    0  249          - 1508.49761      -     -   77s
     0     0 1508.50029    0  249          - 1508.50029      -     -   77s
     0     0 1532.30978    0  229          - 1532.30978      -     -   80s
     0     0 1532.38835    0  229          - 1532.38835      -     -   80s
     0     0 1532.40417    0  233          - 1532.40417      -     -   80s
     0     0 1532.40724    0  235          - 1532.40724      -     -   80s
     0     0 1536.55980    0  239          - 1536.55980      -     -   82s
     0     0 1536.56157    0  236          - 1536.56157      -     -   82s
     0     0 1538.33955    0  245          - 1538.33955      -     -   83s
     0     0 1538.35354    0  243          - 1538.35354      -     -   83s
     0     0 1538.35639    0  243          - 1538.35639      -     -   83s
     0     0 1538.55907    0  253          - 1538.55907      -     -   83s
     0     0 1538.56114    0  252          - 1538.56114      -     -   83s
     0     0 1538.62389    0  249          - 1538.62389      -     -   84s
     0     0 1538.62515    0  251          - 1538.62515      -     -   84s
     0     0 1538.62590    0  252          - 1538.62590      -     -   84s
     0     0 1538.62661    0  250          - 1538.62661      -     -   84s
     0     0 1550.00385    0  248          - 1550.00385      -     -   88s
     0     0 1550.06037    0  253          - 1550.06037      -     -   88s
     0     0 1550.14166    0  250          - 1550.14166      -     -   88s
     0     0 1550.15088    0  250          - 1550.15088      -     -   89s
     0     0 1551.41642    0  233          - 1551.41642      -     -   90s
     0     0 1553.06361    0  244          - 1553.06361      -     -   91s
     0     0 1556.98798    0  240          - 1556.98798      -     -   92s
     0     0 1557.03451    0  238          - 1557.03451      -     -   93s
H    0     0                    1849.6026868 1557.03451  15.8%     -   93s
H    0     0                    1818.8173815 1557.03451  14.4%     -   93s
H    0     0                    1783.7898139 1557.03451  12.7%     -   93s
H    0     0                    1737.0861424 1557.03451  10.4%     -   93s
H    0     0                    1724.7184144 1557.03451  9.72%     -   93s
     0     0 1557.33683    0  248 1724.71841 1557.33683  9.70%     -   93s
     0     0 1557.43950    0  244 1724.71841 1557.43950  9.70%     -   94s
     0     0 1557.45437    0  245 1724.71841 1557.45437  9.70%     -   94s
     0     0 1570.18383    0  216 1724.71841 1570.18383  8.96%     -   96s
H    0     0                    1722.2591585 1570.18383  8.83%     -   96s
     0     0 1571.74986    0  222 1722.25916 1571.74986  8.74%     -   97s
H    0     0                    1721.6140826 1571.74986  8.70%     -   97s
H    0     0                    1706.7494780 1571.74986  7.91%     -   97s
     0     0 1573.26447    0  221 1706.74948 1573.26447  7.82%     -   98s
H    0     0                    1705.6445575 1573.26447  7.76%     -   98s
     0     0 1573.93999    0  233 1705.64456 1573.93999  7.72%     -   98s
H    0     0                    1703.0116601 1573.93999  7.58%     -   98s
     0     0 1574.01127    0  234 1703.01166 1574.01127  7.57%     -   98s
     0     0 1574.05657    0  239 1703.01166 1574.05657  7.57%     -   98s
     0     0 1574.06147    0  237 1703.01166 1574.06147  7.57%     -   98s
     0     0 1581.90258    0  239 1703.01166 1581.90258  7.11%     -  100s
H    0     0                    1700.8959494 1581.90258  7.00%     -  100s
     0     0 1582.44632    0  233 1700.89595 1582.44632  6.96%     -  100s
H    0     0                    1696.0788039 1582.44632  6.70%     -  101s
H    0     0                    1649.6793601 1582.44632  4.08%     -  101s
     0     0 1583.30227    0  244 1649.67936 1583.30227  4.02%     -  101s
     0     0 1583.37670    0  243 1649.67936 1583.37670  4.02%     -  102s
     0     0 1583.40296    0  244 1649.67936 1583.40296  4.02%     -  102s
     0     0 1583.40416    0  244 1649.67936 1583.40416  4.02%     -  102s
     0     0 1587.01190    0  250 1649.67936 1587.01190  3.80%     -  103s
     0     0 1589.88769    0  265 1649.67936 1589.88769  3.62%     -  104s
     0     0 1590.95451    0  270 1649.67936 1590.95451  3.56%     -  105s
     0     0 1590.95532    0  270 1649.67936 1590.95532  3.56%     -  105s
     0     0 1591.46915    0  274 1649.67936 1591.46915  3.53%     -  105s
     0     0 1591.47738    0  265 1649.67936 1591.47738  3.53%     -  105s
     0     0 1591.61011    0  272 1649.67936 1591.61011  3.52%     -  105s
     0     0 1591.68624    0  264 1649.67936 1591.68624  3.52%     -  105s
     0     0 1591.78002    0  271 1649.67936 1591.78002  3.51%     -  105s
     0     0 1593.52054    0  264 1649.67936 1593.52054  3.40%     -  106s
     0     0 1593.52324    0  263 1649.67936 1593.52324  3.40%     -  106s
     0     0 1593.75425    0  266 1649.67936 1593.75425  3.39%     -  106s
     0     0 1593.75428    0  263 1649.67936 1593.75428  3.39%     -  106s
     0     0 1593.79875    0  260 1649.67936 1593.79875  3.39%     -  106s
     0     0 1593.79997    0  265 1649.67936 1593.79997  3.39%     -  106s
     0     0 1599.20464    0  224 1649.67936 1599.20464  3.06%     -  107s
     0     0 1599.20464    0  135 1649.67936 1599.20464  3.06%     -  108s
H    0     0                    1644.6513231 1599.20464  2.76%     -  109s
     0     0 1603.35759    0  179 1644.65132 1603.35759  2.51%     -  110s
     0     0 1603.46648    0  179 1644.65132 1603.46648  2.50%     -  110s
     0     0 1603.47530    0  183 1644.65132 1603.47530  2.50%     -  110s
     0     0 1603.55891    0  175 1644.65132 1603.55891  2.50%     -  110s
     0     0 1603.57580    0  172 1644.65132 1603.57580  2.50%     -  110s
     0     0 1603.69237    0  172 1644.65132 1603.69237  2.49%     -  110s
     0     0 1603.70573    0  173 1644.65132 1603.70573  2.49%     -  110s
     0     0 1603.70836    0  175 1644.65132 1603.70836  2.49%     -  110s
     0     0 1603.71334    0  166 1644.65132 1603.71334  2.49%     -  110s
H    0     0                    1642.8768747 1603.71334  2.38%     -  110s
     0     0 1609.99351    0  148 1642.87687 1609.99351  2.00%     -  111s
     0     0 1610.02046    0  141 1642.87687 1610.02046  2.00%     -  111s
     0     0 1610.02296    0  143 1642.87687 1610.02296  2.00%     -  111s
     0     0 1610.02350    0  141 1642.87687 1610.02350  2.00%     -  111s
     0     0 1610.02705    0  138 1642.87687 1610.02705  2.00%     -  111s
     0     0 1610.02720    0  138 1642.87687 1610.02720  2.00%     -  111s
     0     0 1610.02724    0  138 1642.87687 1610.02724  2.00%     -  111s
     0     0 1610.02726    0  138 1642.87687 1610.02726  2.00%     -  111s
     0     0 1610.02745    0  137 1642.87687 1610.02745  2.00%     -  111s
     0     0 1610.16851    0  154 1642.87687 1610.16851  1.99%     -  111s
     0     0 1610.16898    0  154 1642.87687 1610.16898  1.99%     -  111s
     0     0 1610.17008    0  155 1642.87687 1610.17008  1.99%     -  111s
     0     0 1610.17102    0  151 1642.87687 1610.17102  1.99%     -  111s
     0     0 1610.17137    0  152 1642.87687 1610.17137  1.99%     -  111s
     0     0 1610.17180    0  152 1642.87687 1610.17180  1.99%     -  111s
     0     0 1610.17187    0  153 1642.87687 1610.17187  1.99%     -  111s
     0     0 1610.17233    0  152 1642.87687 1610.17233  1.99%     -  111s
     0     0 1610.17243    0  136 1642.87687 1610.17243  1.99%     -  111s
     0     0 1610.18557    0  136 1642.87687 1610.18557  1.99%     -  111s
     0     0 1616.90932    0  124 1642.87687 1616.90932  1.58%     -  112s
     0     0 1616.90932    0  113 1642.87687 1616.90932  1.58%     -  112s
     0     0 1616.96051    0  110 1642.87687 1616.96051  1.58%     -  113s
     0     0 1617.02055    0  109 1642.87687 1617.02055  1.57%     -  113s
     0     0 1617.03550    0  108 1642.87687 1617.03550  1.57%     -  113s
     0     0 1617.06070    0  108 1642.87687 1617.06070  1.57%     -  113s
     0     0 1617.06646    0  108 1642.87687 1617.06646  1.57%     -  113s
     0     0 1617.06648    0  106 1642.87687 1617.06648  1.57%     -  113s
     0     0 1617.07008    0  107 1642.87687 1617.07008  1.57%     -  113s
     0     0 1617.09152    0  109 1642.87687 1617.09152  1.57%     -  113s
     0     0 1617.09389    0  109 1642.87687 1617.09389  1.57%     -  113s
     0     0 1617.09958    0  110 1642.87687 1617.09958  1.57%     -  113s
     0     0 1617.10163    0  109 1642.87687 1617.10163  1.57%     -  113s
     0     0 1617.99724    0  110 1642.87687 1617.99724  1.51%     -  113s
     0     0 1618.50914    0  106 1642.87687 1618.50914  1.48%     -  113s
     0     0 1618.53627    0  107 1642.87687 1618.53627  1.48%     -  113s
     0     0 1626.54045    0  114 1642.87687 1626.54045  0.99%     -  114s
     0     0 1626.54045    0   86 1642.87687 1626.54045  0.99%     -  114s
     0     0 1627.86144    0  113 1642.87687 1627.86144  0.91%     -  114s
     0     0 1627.86144    0  113 1642.87687 1627.86144  0.91%     -  114s
     0     0 1628.28502    0  107 1642.87687 1628.28502  0.89%     -  114s
     0     0 1628.76576    0  114 1642.87687 1628.76576  0.86%     -  114s
     0     0 1634.72870    0  103 1642.87687 1634.72870  0.50%     -  114s
     0     0 1634.72870    0  103 1642.87687 1634.72870  0.50%     -  114s
     0     0 1634.76007    0  107 1642.87687 1634.76007  0.49%     -  114s
     0     0 1636.43217    0   98 1642.87687 1636.43217  0.39%     -  114s
     0     0 1636.43217    0   47 1642.87687 1636.43217  0.39%     -  114s
     0     0 1638.94101    0   45 1642.87687 1638.94101  0.24%     -  115s
     0     0 1638.94101    0   45 1642.87687 1638.94101  0.24%     -  115s
     0     0 1639.06539    0   41 1642.87687 1639.06539  0.23%     -  115s
     0     0 1639.56760    0   39 1642.87687 1639.56760  0.20%     -  115s
     0     0 1639.56760    0   39 1642.87687 1639.56760  0.20%     -  115s
     0     0 1641.30019    0   57 1642.87687 1641.30019  0.10%     -  115s
     0     0 1641.30019    0   14 1642.87687 1641.30019  0.10%     -  115s
     0     0     cutoff    0      1642.87687 1642.87687  0.00%     -  115s

Explored 1 nodes (215496 simplex iterations) in 115.86 seconds (68.24 work units)
Thread count was 4 (of 4 available processors)

Solution count 10: 1642.88 1644.65 1649.68 ... 1722.26

Optimal solution found (tolerance 1.00e-04)
Best objective 1.642876874710e+03, best bound 1.642876874710e+03, gap 0.0000%

Gurobi 10.0.3 (linux64) logging started Thu Nov 30 21:37:14 2023

Set parameter LogFile to value "gurobi.log"
Gurobi Optimizer version 10.0.3 build v10.0.3rc0 (linux64)

CPU model: Intel(R) Core(TM) i5-4590 CPU @ 3.30GHz, instruction set [SSE2|AVX|AVX2]
Thread count: 4 physical cores, 4 logical processors, using up to 4 threads

Optimize a model with 40402 rows, 1050602 columns and 150200 nonzeros
Model fingerprint: 0x8f7af242
Variable types: 1040502 continuous, 10100 integer (10100 binary)
Coefficient statistics:
  Matrix range     [1e+00, 2e+02]
  Objective range  [1e+00, 9e+01]
  Bounds range     [1e+00, 2e+02]
  RHS range        [1e+00, 4e+01]
Presolve removed 200 rows and 1020602 columns
Presolve time: 0.99s
Presolved: 40202 rows, 30000 columns, 149488 nonzeros
Variable types: 19900 continuous, 10100 integer (10100 binary)
Deterministic concurrent LP optimizer: primal and dual simplex
Showing first log only...


Root simplex log...

Iteration    Objective       Primal Inf.    Dual Inf.      Time
   47891    1.3143046e+03   0.000000e+00   9.462471e+04      5s
   66238    1.2233682e+03   0.000000e+00   3.358485e+02     10s
   68018    1.2253901e+03   0.000000e+00   0.000000e+00     10s
Concurrent spin time: 0.21s

Solved with primal simplex
   68018    1.2253901e+03   0.000000e+00   0.000000e+00     11s

Root relaxation: objective 1.225390e+03, 68018 iterations, 9.35 seconds (7.29 work units)

    Nodes    |    Current Node    |     Objective Bounds      |     Work
 Expl Unexpl |  Obj  Depth IntInf | Incumbent    BestBd   Gap | It/Node Time

     0     0 1225.39013    0  256          - 1225.39013      -     -   11s
     0     0 1225.40626    0  258          - 1225.40626      -     -   12s
     0     0 1225.43095    0  259          - 1225.43095      -     -   12s
     0     0 1225.44045    0  260          - 1225.44045      -     -   12s
     0     0 1311.92666    0  264          - 1311.92666      -     -   26s
     0     0 1314.15204    0  259          - 1314.15204      -     -   27s
     0     0 1314.31483    0  262          - 1314.31483      -     -   27s
     0     0 1334.28480    0  273          - 1334.28480      -     -   31s
     0     0 1334.30527    0  272          - 1334.30527      -     -   31s
     0     0 1334.35057    0  272          - 1334.35057      -     -   31s
     0     0 1334.36924    0  272          - 1334.36924      -     -   31s
     0     0 1334.37135    0  272          - 1334.37135      -     -   31s
     0     0 1334.37669    0  272          - 1334.37669      -     -   31s
     0     0 1334.39803    0  273          - 1334.39803      -     -   31s
     0     0 1334.40470    0  272          - 1334.40470      -     -   31s
     0     0 1334.41879    0  273          - 1334.41879      -     -   31s
     0     0 1334.44643    0  269          - 1334.44643      -     -   31s
     0     0 1334.45537    0  271          - 1334.45537      -     -   32s
     0     0 1334.46905    0  274          - 1334.46905      -     -   32s
     0     0 1334.47036    0  273          - 1334.47036      -     -   32s
     0     0 1334.47036    0  273          - 1334.47036      -     -   32s
     0     0 1381.35452    0  263          - 1381.35452      -     -   38s
     0     0 1381.37734    0  262          - 1381.37734      -     -   38s
     0     0 1381.42189    0  262          - 1381.42189      -     -   39s
     0     0 1381.42267    0  261          - 1381.42267      -     -   39s
     0     0 1402.31896    0  272          - 1402.31896      -     -   43s
     0     0 1402.46991    0  281          - 1402.46991      -     -   44s
     0     0 1402.47664    0  283          - 1402.47664      -     -   44s
     0     0 1448.38566    0  264          - 1448.38566      -     -   54s
     0     0 1448.58599    0  267          - 1448.58599      -     -   54s
     0     0 1456.45099    0  275          - 1456.45099      -     -   58s
     0     0 1458.48063    0  274          - 1458.48063      -     -   60s
     0     0 1458.55240    0  280          - 1458.55240      -     -   60s
     0     0 1458.55700    0  282          - 1458.55700      -     -   60s
     0     0 1489.82161    0  254          - 1489.82161      -     -   63s
     0     0 1489.82161    0  216          - 1489.82161      -     -   70s
     0     0 1489.82161    0  220          - 1489.82161      -     -   70s
     0     0 1499.44990    0  241          - 1499.44990      -     -   74s
     0     0 1499.50961    0  240          - 1499.50961      -     -   74s
     0     0 1500.31346    0  235          - 1500.31346      -     -   75s
     0     0 1500.32038    0  235          - 1500.32038      -     -   75s
     0     0 1508.03366    0  226          - 1508.03366      -     -   78s
     0     0 1508.03562    0  226          - 1508.03562      -     -   78s
     0     0 1508.40633    0  235          - 1508.40633      -     -   78s
     0     0 1508.41691    0  235          - 1508.41691      -     -   78s
     0     0 1508.49469    0  244          - 1508.49469      -     -   78s
     0     0 1508.49582    0  244          - 1508.49582      -     -   78s
     0     0 1508.49761    0  249          - 1508.49761      -     -   78s
     0     0 1508.50029    0  249          - 1508.50029      -     -   78s
     0     0 1532.30978    0  229          - 1532.30978      -     -   82s
     0     0 1532.38835    0  229          - 1532.38835      -     -   82s
     0     0 1532.40417    0  233          - 1532.40417      -     -   82s
     0     0 1532.40724    0  235          - 1532.40724      -     -   82s
     0     0 1536.55980    0  239          - 1536.55980      -     -   84s
     0     0 1536.56157    0  236          - 1536.56157      -     -   84s
     0     0 1538.33955    0  245          - 1538.33955      -     -   85s
     0     0 1538.35354    0  243          - 1538.35354      -     -   85s
     0     0 1538.35639    0  243          - 1538.35639      -     -   85s
     0     0 1538.55907    0  253          - 1538.55907      -     -   85s
     0     0 1538.56114    0  252          - 1538.56114      -     -   85s
     0     0 1538.62389    0  249          - 1538.62389      -     -   85s
     0     0 1538.62515    0  251          - 1538.62515      -     -   85s
     0     0 1538.62590    0  252          - 1538.62590      -     -   85s
     0     0 1538.62661    0  250          - 1538.62661      -     -   85s
     0     0 1550.00385    0  248          - 1550.00385      -     -   90s
     0     0 1550.06037    0  253          - 1550.06037      -     -   90s
     0     0 1550.14166    0  250          - 1550.14166      -     -   90s
     0     0 1550.15088    0  250          - 1550.15088      -     -   90s
     0     0 1551.41642    0  233          - 1551.41642      -     -   92s
     0     0 1553.06361    0  244          - 1553.06361      -     -   93s
     0     0 1556.98798    0  240          - 1556.98798      -     -   94s
     0     0 1557.03451    0  238          - 1557.03451      -     -   94s
H    0     0                    1849.6026868 1557.03451  15.8%     -   95s
H    0     0                    1818.8173815 1557.03451  14.4%     -   95s
H    0     0                    1783.7898139 1557.03451  12.7%     -   95s
H    0     0                    1737.0861424 1557.03451  10.4%     -   95s
H    0     0                    1724.7184144 1557.03451  9.72%     -   95s
     0     0 1557.33683    0  248 1724.71841 1557.33683  9.70%     -   95s
     0     0 1557.43950    0  244 1724.71841 1557.43950  9.70%     -   95s
     0     0 1557.45437    0  245 1724.71841 1557.45437  9.70%     -   96s
     0     0 1570.18383    0  216 1724.71841 1570.18383  8.96%     -   98s
H    0     0                    1722.2591585 1570.18383  8.83%     -   99s
     0     0 1571.74986    0  222 1722.25916 1571.74986  8.74%     -   99s
H    0     0                    1721.6140826 1571.74986  8.70%     -   99s
H    0     0                    1706.7494780 1571.74986  7.91%     -   99s
     0     0 1573.26447    0  221 1706.74948 1573.26447  7.82%     -  100s
H    0     0                    1705.6445575 1573.26447  7.76%     -  100s
     0     0 1573.93999    0  233 1705.64456 1573.93999  7.72%     -  100s
H    0     0                    1703.0116601 1573.93999  7.58%     -  100s
     0     0 1574.01127    0  234 1703.01166 1574.01127  7.57%     -  100s
     0     0 1574.05657    0  239 1703.01166 1574.05657  7.57%     -  100s
     0     0 1574.06147    0  237 1703.01166 1574.06147  7.57%     -  100s
     0     0 1581.90258    0  239 1703.01166 1581.90258  7.11%     -  101s
H    0     0                    1700.8959494 1581.90258  7.00%     -  102s
     0     0 1582.44632    0  233 1700.89595 1582.44632  6.96%     -  102s
H    0     0                    1696.0788039 1582.44632  6.70%     -  102s
H    0     0                    1649.6793601 1582.44632  4.08%     -  103s
     0     0 1583.30227    0  244 1649.67936 1583.30227  4.02%     -  103s
     0     0 1583.37670    0  243 1649.67936 1583.37670  4.02%     -  103s
     0     0 1583.40296    0  244 1649.67936 1583.40296  4.02%     -  103s
     0     0 1583.40416    0  244 1649.67936 1583.40416  4.02%     -  103s
     0     0 1587.01190    0  250 1649.67936 1587.01190  3.80%     -  104s
     0     0 1589.88769    0  265 1649.67936 1589.88769  3.62%     -  106s
     0     0 1590.95451    0  270 1649.67936 1590.95451  3.56%     -  106s
     0     0 1590.95532    0  270 1649.67936 1590.95532  3.56%     -  106s
     0     0 1591.46915    0  274 1649.67936 1591.46915  3.53%     -  106s
     0     0 1591.47738    0  265 1649.67936 1591.47738  3.53%     -  106s
     0     0 1591.61011    0  272 1649.67936 1591.61011  3.52%     -  107s
     0     0 1591.68624    0  264 1649.67936 1591.68624  3.52%     -  107s
     0     0 1591.78002    0  271 1649.67936 1591.78002  3.51%     -  107s
     0     0 1593.52054    0  264 1649.67936 1593.52054  3.40%     -  107s
     0     0 1593.52324    0  263 1649.67936 1593.52324  3.40%     -  107s
     0     0 1593.75425    0  266 1649.67936 1593.75425  3.39%     -  107s
     0     0 1593.75428    0  263 1649.67936 1593.75428  3.39%     -  107s
     0     0 1593.79875    0  260 1649.67936 1593.79875  3.39%     -  107s
     0     0 1593.79997    0  265 1649.67936 1593.79997  3.39%     -  107s
     0     0 1599.20464    0  224 1649.67936 1599.20464  3.06%     -  108s
     0     0 1599.20464    0  135 1649.67936 1599.20464  3.06%     -  110s
H    0     0                    1644.6513231 1599.20464  2.76%     -  111s
     0     0 1603.35759    0  179 1644.65132 1603.35759  2.51%     -  111s
     0     0 1603.46648    0  179 1644.65132 1603.46648  2.50%     -  111s
     0     0 1603.47530    0  183 1644.65132 1603.47530  2.50%     -  111s
     0     0 1603.55891    0  175 1644.65132 1603.55891  2.50%     -  111s
     0     0 1603.57580    0  172 1644.65132 1603.57580  2.50%     -  111s
     0     0 1603.69237    0  172 1644.65132 1603.69237  2.49%     -  111s
     0     0 1603.70573    0  173 1644.65132 1603.70573  2.49%     -  111s
     0     0 1603.70836    0  175 1644.65132 1603.70836  2.49%     -  111s
     0     0 1603.71334    0  166 1644.65132 1603.71334  2.49%     -  111s
H    0     0                    1642.8768747 1603.71334  2.38%     -  112s
     0     0 1609.99351    0  148 1642.87687 1609.99351  2.00%     -  112s
     0     0 1610.02046    0  141 1642.87687 1610.02046  2.00%     -  112s
     0     0 1610.02296    0  143 1642.87687 1610.02296  2.00%     -  112s
     0     0 1610.02350    0  141 1642.87687 1610.02350  2.00%     -  112s
     0     0 1610.02705    0  138 1642.87687 1610.02705  2.00%     -  112s
     0     0 1610.02720    0  138 1642.87687 1610.02720  2.00%     -  112s
     0     0 1610.02724    0  138 1642.87687 1610.02724  2.00%     -  112s
     0     0 1610.02726    0  138 1642.87687 1610.02726  2.00%     -  112s
     0     0 1610.02745    0  137 1642.87687 1610.02745  2.00%     -  112s
     0     0 1610.16851    0  154 1642.87687 1610.16851  1.99%     -  113s
     0     0 1610.16898    0  154 1642.87687 1610.16898  1.99%     -  113s
     0     0 1610.17008    0  155 1642.87687 1610.17008  1.99%     -  113s
     0     0 1610.17102    0  151 1642.87687 1610.17102  1.99%     -  113s
     0     0 1610.17137    0  152 1642.87687 1610.17137  1.99%     -  113s
     0     0 1610.17180    0  152 1642.87687 1610.17180  1.99%     -  113s
     0     0 1610.17187    0  153 1642.87687 1610.17187  1.99%     -  113s
     0     0 1610.17233    0  152 1642.87687 1610.17233  1.99%     -  113s
     0     0 1610.17243    0  136 1642.87687 1610.17243  1.99%     -  113s
     0     0 1610.18557    0  136 1642.87687 1610.18557  1.99%     -  113s
     0     0 1616.90932    0  124 1642.87687 1616.90932  1.58%     -  113s
     0     0 1616.90932    0  113 1642.87687 1616.90932  1.58%     -  114s
     0     0 1616.96051    0  110 1642.87687 1616.96051  1.58%     -  114s
     0     0 1617.02055    0  109 1642.87687 1617.02055  1.57%     -  114s
     0     0 1617.03550    0  108 1642.87687 1617.03550  1.57%     -  114s
     0     0 1617.06070    0  108 1642.87687 1617.06070  1.57%     -  114s
     0     0 1617.06646    0  108 1642.87687 1617.06646  1.57%     -  114s
     0     0 1617.06648    0  106 1642.87687 1617.06648  1.57%     -  114s
     0     0 1617.07008    0  107 1642.87687 1617.07008  1.57%     -  114s
     0     0 1617.09152    0  109 1642.87687 1617.09152  1.57%     -  114s
     0     0 1617.09389    0  109 1642.87687 1617.09389  1.57%     -  114s
     0     0 1617.09958    0  110 1642.87687 1617.09958  1.57%     -  114s
     0     0 1617.10163    0  109 1642.87687 1617.10163  1.57%     -  114s
     0     0 1617.99724    0  110 1642.87687 1617.99724  1.51%     -  115s
     0     0 1618.50914    0  106 1642.87687 1618.50914  1.48%     -  115s
     0     0 1618.53627    0  107 1642.87687 1618.53627  1.48%     -  115s
     0     0 1626.54045    0  114 1642.87687 1626.54045  0.99%     -  115s
     0     0 1626.54045    0   86 1642.87687 1626.54045  0.99%     -  115s
     0     0 1627.86144    0  113 1642.87687 1627.86144  0.91%     -  115s
     0     0 1627.86144    0  113 1642.87687 1627.86144  0.91%     -  115s
     0     0 1628.28502    0  107 1642.87687 1628.28502  0.89%     -  116s
     0     0 1628.76576    0  114 1642.87687 1628.76576  0.86%     -  116s
     0     0 1634.72870    0  103 1642.87687 1634.72870  0.50%     -  116s
     0     0 1634.72870    0  103 1642.87687 1634.72870  0.50%     -  116s
     0     0 1634.76007    0  107 1642.87687 1634.76007  0.49%     -  116s
     0     0 1636.43217    0   98 1642.87687 1636.43217  0.39%     -  116s
     0     0 1636.43217    0   47 1642.87687 1636.43217  0.39%     -  116s
     0     0 1638.94101    0   45 1642.87687 1638.94101  0.24%     -  116s
     0     0 1638.94101    0   45 1642.87687 1638.94101  0.24%     -  116s
     0     0 1639.06539    0   41 1642.87687 1639.06539  0.23%     -  116s
     0     0 1639.56760    0   39 1642.87687 1639.56760  0.20%     -  116s
     0     0 1639.56760    0   39 1642.87687 1639.56760  0.20%     -  116s
     0     0 1641.30019    0   57 1642.87687 1641.30019  0.10%     -  116s
     0     0 1641.30019    0   14 1642.87687 1641.30019  0.10%     -  116s
     0     0     cutoff    0      1642.87687 1642.87687  0.00%     -  116s

Explored 1 nodes (215496 simplex iterations) in 116.45 seconds (68.24 work units)
Thread count was 4 (of 4 available processors)

Solution count 10: 1642.88 1644.65 1649.68 ... 1722.26

Optimal solution found (tolerance 1.00e-04)
Best objective 1.642876874710e+03, best bound 1.642876874710e+03, gap 0.0000%
